This is pdfTeX, Version 3.141592653-2.6-1.40.25 (TeX Live 2023/Arch Linux) (preloaded format=latex 2023.6.6)  7 JUN 2023 22:40
entering extended mode
 restricted \write18 enabled.
 %&-line parsing enabled.
**/home/paulo/.local/share/nvim/site/pack/packer/start/friendly-snippets

(/home/paulo/.local/share/nvim/site/pack/packer/start/friendly-snippets/LICENSE
LaTeX2e <2022-11-01> patch level 1
L3 programming layer <2023-02-22>

! LaTeX Error: Missing \begin{document}.

See the LaTeX manual or LaTeX Companion for explanation.
Type  H <return>  for immediate help.
 ...                                              
                                                  
l.1 M
     IT License
? /home/paulo/.local/share/nvim/site/pack/packer/start/friendly-snippets/README
.md
Type <return> to proceed, S to scroll future error messages,
R to run without stopping, Q to run quietly,
I to insert something, E to edit your file,
1 or ... or 9 to ignore the next 1 to 9 tokens of input,
H for help, X to quit.
? /home/paulo/.local/share/nvim/site/pack/packer/start/friendly-snippets/debug
Type <return> to proceed, S to scroll future error messages,
R to run without stopping, Q to run quietly,
I to insert something, E to edit your file,
1 or ... or 9 to ignore the next 1 to 9 tokens of input,
H for help, X to quit.
? /home/paulo/.local/share/nvim/site/pack/packer/start/friendly-snippets/packag
e.json
Type <return> to proceed, S to scroll future error messages,
R to run without stopping, Q to run quietly,
I to insert something, E to edit your file,
1 or ... or 9 to ignore the next 1 to 9 tokens of input,
H for help, X to quit.
? /home/paulo/.local/share/nvim/site/pack/packer/start/friendly-snippets/snippe
ts
Type <return> to proceed, S to scroll future error messages,
R to run without stopping, Q to run quietly,
I to insert something, E to edit your file,
1 or ... or 9 to ignore the next 1 to 9 tokens of input,
H for help, X to quit.
? /home/paulo/.local/share/nvim/site/pack/packer/start/friendly-snippets/.githu
b/workflows
Type <return> to proceed, S to scroll future error messages,
R to run without stopping, Q to run quietly,
I to insert something, E to edit your file,
1 or ... or 9 to ignore the next 1 to 9 tokens of input,
H for help, X to quit.
? /home/paulo/.local/share/nvim/site/pack/packer/start/friendly-snippets/.githu
b/workflows/format.yml
Type <return> to proceed, S to scroll future error messages,
R to run without stopping, Q to run quietly,
I to insert something, E to edit your file,
1 or ... or 9 to ignore the next 1 to 9 tokens of input,
H for help, X to quit.
? /home/paulo/.local/share/nvim/site/pack/packer/start/friendly-snippets/debug/
lazy-nvim.lua
Type <return> to proceed, S to scroll future error messages,
R to run without stopping, Q to run quietly,
I to insert something, E to edit your file,
1 or ... or 9 to ignore the next 1 to 9 tokens of input,
H for help, X to quit.
? /home/paulo/.local/share/nvim/site/pack/packer/start/friendly-snippets/debug/
packer-nvim.lua
Type <return> to proceed, S to scroll future error messages,
R to run without stopping, Q to run quietly,
I to insert something, E to edit your file,
1 or ... or 9 to ignore the next 1 to 9 tokens of input,
H for help, X to quit.
? /home/paulo/.local/share/nvim/site/pack/packer/start/friendly-snippets/snippe
ts/PowerShell.json
Type <return> to proceed, S to scroll future error messages,
R to run without stopping, Q to run quietly,
I to insert something, E to edit your file,
1 or ... or 9 to ignore the next 1 to 9 tokens of input,
H for help, X to quit.
? /home/paulo/.local/share/nvim/site/pack/packer/start/friendly-snippets/snippe
ts/c.json
Type <return> to proceed, S to scroll future error messages,
R to run without stopping, Q to run quietly,
I to insert something, E to edit your file,
1 or ... or 9 to ignore the next 1 to 9 tokens of input,
H for help, X to quit.
? /home/paulo/.local/share/nvim/site/pack/packer/start/friendly-snippets/snippe
ts/cobol
Type <return> to proceed, S to scroll future error messages,
R to run without stopping, Q to run quietly,
I to insert something, E to edit your file,
1 or ... or 9 to ignore the next 1 to 9 tokens of input,
H for help, X to quit.
? /home/paulo/.local/share/nvim/site/pack/packer/start/friendly-snippets/snippe
ts/cpp.json
Type <return> to proceed, S to scroll future error messages,
R to run without stopping, Q to run quietly,
I to insert something, E to edit your file,
1 or ... or 9 to ignore the next 1 to 9 tokens of input,
H for help, X to quit.
? /home/paulo/.local/share/nvim/site/pack/packer/start/friendly-snippets/snippe
ts/csharp
Type <return> to proceed, S to scroll future error messages,
R to run without stopping, Q to run quietly,
I to insert something, E to edit your file,
1 or ... or 9 to ignore the next 1 to 9 tokens of input,
H for help, X to quit.
? /home/paulo/.local/share/nvim/site/pack/packer/start/friendly-snippets/snippe
ts/css.json
Type <return> to proceed, S to scroll future error messages,
R to run without stopping, Q to run quietly,
I to insert something, E to edit your file,
1 or ... or 9 to ignore the next 1 to 9 tokens of input,
H for help, X to quit.
? /home/paulo/.local/share/nvim/site/pack/packer/start/friendly-snippets/snippe
ts/dart.json
Type <return> to proceed, S to scroll future error messages,
R to run without stopping, Q to run quietly,
I to insert something, E to edit your file,
1 or ... or 9 to ignore the next 1 to 9 tokens of input,
H for help, X to quit.
? /home/paulo/.local/share/nvim/site/pack/packer/start/friendly-snippets/snippe
ts/docker
Type <return> to proceed, S to scroll future error messages,
R to run without stopping, Q to run quietly,
I to insert something, E to edit your file,
1 or ... or 9 to ignore the next 1 to 9 tokens of input,
H for help, X to quit.
? /home/paulo/.local/share/nvim/site/pack/packer/start/friendly-snippets/snippe
ts/eelixir.json
Type <return> to proceed, S to scroll future error messages,
R to run without stopping, Q to run quietly,
I to insert something, E to edit your file,
1 or ... or 9 to ignore the next 1 to 9 tokens of input,
H for help, X to quit.
? /home/paulo/.local/share/nvim/site/pack/packer/start/friendly-snippets/snippe
ts/elixir.json
Type <return> to proceed, S to scroll future error messages,
R to run without stopping, Q to run quietly,
I to insert something, E to edit your file,
1 or ... or 9 to ignore the next 1 to 9 tokens of input,
H for help, X to quit.
? /home/paulo/.local/share/nvim/site/pack/packer/start/friendly-snippets/snippe
ts/erb.json
Type <return> to proceed, S to scroll future error messages,
R to run without stopping, Q to run quietly,
I to insert something, E to edit your file,
1 or ... or 9 to ignore the next 1 to 9 tokens of input,
H for help, X to quit.
? /home/paulo/.local/share/nvim/site/pack/packer/start/friendly-snippets/snippe
ts/erlang.json
Type <return> to proceed, S to scroll future error messages,
R to run without stopping, Q to run quietly,
I to insert something, E to edit your file,
1 or ... or 9 to ignore the next 1 to 9 tokens of input,
H for help, X to quit.
? /home/paulo/.local/share/nvim/site/pack/packer/start/friendly-snippets/snippe
ts/fennel.json
Type <return> to proceed, S to scroll future error messages,
R to run without stopping, Q to run quietly,
I to insert something, E to edit your file,
1 or ... or 9 to ignore the next 1 to 9 tokens of input,
H for help, X to quit.
? /home/paulo/.local/share/nvim/site/pack/packer/start/friendly-snippets/snippe
ts/fortran.json
Type <return> to proceed, S to scroll future error messages,
R to run without stopping, Q to run quietly,
I to insert something, E to edit your file,
1 or ... or 9 to ignore the next 1 to 9 tokens of input,
H for help, X to quit.
? /home/paulo/.local/share/nvim/site/pack/packer/start/friendly-snippets/snippe
ts/frameworks
Type <return> to proceed, S to scroll future error messages,
R to run without stopping, Q to run quietly,
I to insert something, E to edit your file,
1 or ... or 9 to ignore the next 1 to 9 tokens of input,
H for help, X to quit.
? /home/paulo/.local/share/nvim/site/pack/packer/start/friendly-snippets/snippe
ts/fsh.json
Type <return> to proceed, S to scroll future error messages,
R to run without stopping, Q to run quietly,
I to insert something, E to edit your file,
1 or ... or 9 to ignore the next 1 to 9 tokens of input,
H for help, X to quit.
? /home/paulo/.local/share/nvim/site/pack/packer/start/friendly-snippets/snippe
ts/gdscript.json
Type <return> to proceed, S to scroll future error messages,
R to run without stopping, Q to run quietly,
I to insert something, E to edit your file,
1 or ... or 9 to ignore the next 1 to 9 tokens of input,
H for help, X to quit.
? /home/paulo/.local/share/nvim/site/pack/packer/start/friendly-snippets/snippe
ts/gitcommit.json
Type <return> to proceed, S to scroll future error messages,
R to run without stopping, Q to run quietly,
I to insert something, E to edit your file,
1 or ... or 9 to ignore the next 1 to 9 tokens of input,
H for help, X to quit.
? /home/paulo/.local/share/nvim/site/pack/packer/start/friendly-snippets/snippe
ts/global.json
Type <return> to proceed, S to scroll future error messages,
R to run without stopping, Q to run quietly,
I to insert something, E to edit your file,
1 or ... or 9 to ignore the next 1 to 9 tokens of input,
H for help, X to quit.
? /home/paulo/.local/share/nvim/site/pack/packer/start/friendly-snippets/snippe
ts/glsl.json
Type <return> to proceed, S to scroll future error messages,
R to run without stopping, Q to run quietly,
I to insert something, E to edit your file,
1 or ... or 9 to ignore the next 1 to 9 tokens of input,
H for help, X to quit.
? /home/paulo/.local/share/nvim/site/pack/packer/start/friendly-snippets/snippe
ts/go.json
Type <return> to proceed, S to scroll future error messages,
R to run without stopping, Q to run quietly,
I to insert something, E to edit your file,
1 or ... or 9 to ignore the next 1 to 9 tokens of input,
H for help, X to quit.
? /home/paulo/.local/share/nvim/site/pack/packer/start/friendly-snippets/snippe
ts/haskell.json
Type <return> to proceed, S to scroll future error messages,
R to run without stopping, Q to run quietly,
I to insert something, E to edit your file,
1 or ... or 9 to ignore the next 1 to 9 tokens of input,
H for help, X to quit.
? /home/paulo/.local/share/nvim/site/pack/packer/start/friendly-snippets/snippe
ts/html.json
Type <return> to proceed, S to scroll future error messages,
R to run without stopping, Q to run quietly,
I to insert something, E to edit your file,
1 or ... or 9 to ignore the next 1 to 9 tokens of input,
H for help, X to quit.
? /home/paulo/.local/share/nvim/site/pack/packer/start/friendly-snippets/snippe
ts/java
Type <return> to proceed, S to scroll future error messages,
R to run without stopping, Q to run quietly,
I to insert something, E to edit your file,
1 or ... or 9 to ignore the next 1 to 9 tokens of input,
H for help, X to quit.
? /home/paulo/.local/share/nvim/site/pack/packer/start/friendly-snippets/snippe
ts/java.json
Type <return> to proceed, S to scroll future error messages,
R to run without stopping, Q to run quietly,
I to insert something, E to edit your file,
1 or ... or 9 to ignore the next 1 to 9 tokens of input,
H for help, X to quit.
? /home/paulo/.local/share/nvim/site/pack/packer/start/friendly-snippets/snippe
ts/javascript
Type <return> to proceed, S to scroll future error messages,
R to run without stopping, Q to run quietly,
I to insert something, E to edit your file,
1 or ... or 9 to ignore the next 1 to 9 tokens of input,
H for help, X to quit.
? /home/paulo/.local/share/nvim/site/pack/packer/start/friendly-snippets/snippe
ts/julia.json
Type <return> to proceed, S to scroll future error messages,
R to run without stopping, Q to run quietly,
I to insert something, E to edit your file,
1 or ... or 9 to ignore the next 1 to 9 tokens of input,
H for help, X to quit.
? /home/paulo/.local/share/nvim/site/pack/packer/start/friendly-snippets/snippe
ts/kotlin.json
Type <return> to proceed, S to scroll future error messages,
R to run without stopping, Q to run quietly,
I to insert something, E to edit your file,
1 or ... or 9 to ignore the next 1 to 9 tokens of input,
H for help, X to quit.
? /home/paulo/.local/share/nvim/site/pack/packer/start/friendly-snippets/snippe
ts/kubernetes.json
Type <return> to proceed, S to scroll future error messages,
R to run without stopping, Q to run quietly,
I to insert something, E to edit your file,
1 or ... or 9 to ignore the next 1 to 9 tokens of input,
H for help, X to quit.
? /home/paulo/.local/share/nvim/site/pack/packer/start/friendly-snippets/snippe
ts/latex
Type <return> to proceed, S to scroll future error messages,
R to run without stopping, Q to run quietly,
I to insert something, E to edit your file,
1 or ... or 9 to ignore the next 1 to 9 tokens of input,
H for help, X to quit.
? /home/paulo/.local/share/nvim/site/pack/packer/start/friendly-snippets/snippe
ts/latex.json
Type <return> to proceed, S to scroll future error messages,
R to run without stopping, Q to run quietly,
I to insert something, E to edit your file,
1 or ... or 9 to ignore the next 1 to 9 tokens of input,
H for help, X to quit.
? /home/paulo/.local/share/nvim/site/pack/packer/start/friendly-snippets/snippe
ts/license.json
Type <return> to proceed, S to scroll future error messages,
R to run without stopping, Q to run quietly,
I to insert something, E to edit your file,
1 or ... or 9 to ignore the next 1 to 9 tokens of input,
H for help, X to quit.
? /home/paulo/.local/share/nvim/site/pack/packer/start/friendly-snippets/snippe
ts/liquid.json
Type <return> to proceed, S to scroll future error messages,
R to run without stopping, Q to run quietly,
I to insert something, E to edit your file,
1 or ... or 9 to ignore the next 1 to 9 tokens of input,
H for help, X to quit.
? /home/paulo/.local/share/nvim/site/pack/packer/start/friendly-snippets/snippe
ts/lua
Type <return> to proceed, S to scroll future error messages,
R to run without stopping, Q to run quietly,
I to insert something, E to edit your file,
1 or ... or 9 to ignore the next 1 to 9 tokens of input,
H for help, X to quit.
? /home/paulo/.local/share/nvim/site/pack/packer/start/friendly-snippets/snippe
ts/make.json
Type <return> to proceed, S to scroll future error messages,
R to run without stopping, Q to run quietly,
I to insert something, E to edit your file,
1 or ... or 9 to ignore the next 1 to 9 tokens of input,
H for help, X to quit.
? /home/paulo/.local/share/nvim/site/pack/packer/start/friendly-snippets/snippe
ts/markdown.json
Type <return> to proceed, S to scroll future error messages,
R to run without stopping, Q to run quietly,
I to insert something, E to edit your file,
1 or ... or 9 to ignore the next 1 to 9 tokens of input,
H for help, X to quit.
? /home/paulo/.local/share/nvim/site/pack/packer/start/friendly-snippets/snippe
ts/mint.json
Type <return> to proceed, S to scroll future error messages,
R to run without stopping, Q to run quietly,
I to insert something, E to edit your file,
1 or ... or 9 to ignore the next 1 to 9 tokens of input,
H for help, X to quit.
? /home/paulo/.local/share/nvim/site/pack/packer/start/friendly-snippets/snippe
ts/norg.json
Type <return> to proceed, S to scroll future error messages,
R to run without stopping, Q to run quietly,
I to insert something, E to edit your file,
1 or ... or 9 to ignore the next 1 to 9 tokens of input,
H for help, X to quit.
? /home/paulo/.local/share/nvim/site/pack/packer/start/friendly-snippets/snippe
ts/nushell.json
Type <return> to proceed, S to scroll future error messages,
R to run without stopping, Q to run quietly,
I to insert something, E to edit your file,
1 or ... or 9 to ignore the next 1 to 9 tokens of input,
H for help, X to quit.
? /home/paulo/.local/share/nvim/site/pack/packer/start/friendly-snippets/snippe
ts/objc.json
Type <return> to proceed, S to scroll future error messages,
R to run without stopping, Q to run quietly,
I to insert something, E to edit your file,
1 or ... or 9 to ignore the next 1 to 9 tokens of input,
H for help, X to quit.
? /home/paulo/.local/share/nvim/site/pack/packer/start/friendly-snippets/snippe
ts/org.json
Type <return> to proceed, S to scroll future error messages,
R to run without stopping, Q to run quietly,
I to insert something, E to edit your file,
1 or ... or 9 to ignore the next 1 to 9 tokens of input,
H for help, X to quit.
? /home/paulo/.local/share/nvim/site/pack/packer/start/friendly-snippets/snippe
ts/php.json
Type <return> to proceed, S to scroll future error messages,
R to run without stopping, Q to run quietly,
I to insert something, E to edit your file,
1 or ... or 9 to ignore the next 1 to 9 tokens of input,
H for help, X to quit.
? /home/paulo/.local/share/nvim/site/pack/packer/start/friendly-snippets/snippe
ts/plantuml.json
Type <return> to proceed, S to scroll future error messages,
R to run without stopping, Q to run quietly,
I to insert something, E to edit your file,
1 or ... or 9 to ignore the next 1 to 9 tokens of input,
H for help, X to quit.
? /home/paulo/.local/share/nvim/site/pack/packer/start/friendly-snippets/snippe
ts/python
Type <return> to proceed, S to scroll future error messages,
R to run without stopping, Q to run quietly,
I to insert something, E to edit your file,
1 or ... or 9 to ignore the next 1 to 9 tokens of input,
H for help, X to quit.
? /home/paulo/.local/share/nvim/site/pack/packer/start/friendly-snippets/snippe
ts/quarto.json
Type <return> to proceed, S to scroll future error messages,
R to run without stopping, Q to run quietly,
I to insert something, E to edit your file,
1 or ... or 9 to ignore the next 1 to 9 tokens of input,
H for help, X to quit.
? /home/paulo/.local/share/nvim/site/pack/packer/start/friendly-snippets/snippe
ts/r.json
Type <return> to proceed, S to scroll future error messages,
R to run without stopping, Q to run quietly,
I to insert something, E to edit your file,
1 or ... or 9 to ignore the next 1 to 9 tokens of input,
H for help, X to quit.
? /home/paulo/.local/share/nvim/site/pack/packer/start/friendly-snippets/snippe
ts/rescript.json
Type <return> to proceed, S to scroll future error messages,
R to run without stopping, Q to run quietly,
I to insert something, E to edit your file,
1 or ... or 9 to ignore the next 1 to 9 tokens of input,
H for help, X to quit.
? /home/paulo/.local/share/nvim/site/pack/packer/start/friendly-snippets/snippe
ts/rmarkdown.json
Type <return> to proceed, S to scroll future error messages,
R to run without stopping, Q to run quietly,
I to insert something, E to edit your file,
1 or ... or 9 to ignore the next 1 to 9 tokens of input,
H for help, X to quit.
? /home/paulo/.local/share/nvim/site/pack/packer/start/friendly-snippets/snippe
ts/ruby.json
Type <return> to proceed, S to scroll future error messages,
R to run without stopping, Q to run quietly,
I to insert something, E to edit your file,
1 or ... or 9 to ignore the next 1 to 9 tokens of input,
H for help, X to quit.
? /home/paulo/.local/share/nvim/site/pack/packer/start/friendly-snippets/snippe
ts/rust.json
Type <return> to proceed, S to scroll future error messages,
R to run without stopping, Q to run quietly,
I to insert something, E to edit your file,
1 or ... or 9 to ignore the next 1 to 9 tokens of input,
H for help, X to quit.
? /home/paulo/.local/share/nvim/site/pack/packer/start/friendly-snippets/snippe
ts/scala.json
Type <return> to proceed, S to scroll future error messages,
R to run without stopping, Q to run quietly,
I to insert something, E to edit your file,
1 or ... or 9 to ignore the next 1 to 9 tokens of input,
H for help, X to quit.
? /home/paulo/.local/share/nvim/site/pack/packer/start/friendly-snippets/snippe
ts/shell.json
Type <return> to proceed, S to scroll future error messages,
R to run without stopping, Q to run quietly,
I to insert something, E to edit your file,
1 or ... or 9 to ignore the next 1 to 9 tokens of input,
H for help, X to quit.
? /home/paulo/.local/share/nvim/site/pack/packer/start/friendly-snippets/snippe
ts/solidity.json
Type <return> to proceed, S to scroll future error messages,
R to run without stopping, Q to run quietly,
I to insert something, E to edit your file,
1 or ... or 9 to ignore the next 1 to 9 tokens of input,
H for help, X to quit.
? /home/paulo/.local/share/nvim/site/pack/packer/start/friendly-snippets/snippe
ts/sql.json
Type <return> to proceed, S to scroll future error messages,
R to run without stopping, Q to run quietly,
I to insert something, E to edit your file,
1 or ... or 9 to ignore the next 1 to 9 tokens of input,
H for help, X to quit.
? /home/paulo/.local/share/nvim/site/pack/packer/start/friendly-snippets/snippe
ts/svelte.json
Type <return> to proceed, S to scroll future error messages,
R to run without stopping, Q to run quietly,
I to insert something, E to edit your file,
1 or ... or 9 to ignore the next 1 to 9 tokens of input,
H for help, X to quit.
? /home/paulo/.local/share/nvim/site/pack/packer/start/friendly-snippets/snippe
ts/swift.json
Type <return> to proceed, S to scroll future error messages,
R to run without stopping, Q to run quietly,
I to insert something, E to edit your file,
1 or ... or 9 to ignore the next 1 to 9 tokens of input,
H for help, X to quit.
? /home/paulo/.local/share/nvim/site/pack/packer/start/friendly-snippets/snippe
ts/systemverilog.json
Type <return> to proceed, S to scroll future error messages,
R to run without stopping, Q to run quietly,
I to insert something, E to edit your file,
1 or ... or 9 to ignore the next 1 to 9 tokens of input,
H for help, X to quit.
? /home/paulo/.local/share/nvim/site/pack/packer/start/friendly-snippets/snippe
ts/verilog.json
Type <return> to proceed, S to scroll future error messages,
R to run without stopping, Q to run quietly,
I to insert something, E to edit your file,
1 or ... or 9 to ignore the next 1 to 9 tokens of input,
H for help, X to quit.
? /home/paulo/.local/share/nvim/site/pack/packer/start/friendly-snippets/snippe
ts/vhdl.json
Type <return> to proceed, S to scroll future error messages,
R to run without stopping, Q to run quietly,
I to insert something, E to edit your file,
1 or ... or 9 to ignore the next 1 to 9 tokens of input,
H for help, X to quit.
? /home/paulo/.local/share/nvim/site/pack/packer/start/friendly-snippets/snippe
ts/cobol/vscode_cobol-compound.json
Type <return> to proceed, S to scroll future error messages,
R to run without stopping, Q to run quietly,
I to insert something, E to edit your file,
1 or ... or 9 to ignore the next 1 to 9 tokens of input,
H for help, X to quit.
? /home/paulo/.local/share/nvim/site/pack/packer/start/friendly-snippets/snippe
ts/cobol/vscode_cobol.json
Type <return> to proceed, S to scroll future error messages,
R to run without stopping, Q to run quietly,
I to insert something, E to edit your file,
1 or ... or 9 to ignore the next 1 to 9 tokens of input,
H for help, X to quit.
? /home/paulo/.local/share/nvim/site/pack/packer/start/friendly-snippets/snippe
ts/cobol/vscode_cobol_dir.json
Type <return> to proceed, S to scroll future error messages,
R to run without stopping, Q to run quietly,
I to insert something, E to edit your file,
1 or ... or 9 to ignore the next 1 to 9 tokens of input,
H for help, X to quit.
? /home/paulo/.local/share/nvim/site/pack/packer/start/friendly-snippets/snippe
ts/cobol/vscode_cobol_jcl.json
Type <return> to proceed, S to scroll future error messages,
R to run without stopping, Q to run quietly,
I to insert something, E to edit your file,
1 or ... or 9 to ignore the next 1 to 9 tokens of input,
H for help, X to quit.
? /home/paulo/.local/share/nvim/site/pack/packer/start/friendly-snippets/snippe
ts/csharp/csharp.json
Type <return> to proceed, S to scroll future error messages,
R to run without stopping, Q to run quietly,
I to insert something, E to edit your file,
1 or ... or 9 to ignore the next 1 to 9 tokens of input,
H for help, X to quit.
? /home/paulo/.local/share/nvim/site/pack/packer/start/friendly-snippets/snippe
ts/csharp/csharpdoc.json
Type <return> to proceed, S to scroll future error messages,
R to run without stopping, Q to run quietly,
I to insert something, E to edit your file,
1 or ... or 9 to ignore the next 1 to 9 tokens of input,
H for help, X to quit.
? /home/paulo/.local/share/nvim/site/pack/packer/start/friendly-snippets/snippe
ts/docker/docker-compose.json
Type <return> to proceed, S to scroll future error messages,
R to run without stopping, Q to run quietly,
I to insert something, E to edit your file,
1 or ... or 9 to ignore the next 1 to 9 tokens of input,
H for help, X to quit.
? /home/paulo/.local/share/nvim/site/pack/packer/start/friendly-snippets/snippe
ts/docker/docker_file.json
Type <return> to proceed, S to scroll future error messages,
R to run without stopping, Q to run quietly,
I to insert something, E to edit your file,
1 or ... or 9 to ignore the next 1 to 9 tokens of input,
H for help, X to quit.
? /home/paulo/.local/share/nvim/site/pack/packer/start/friendly-snippets/snippe
ts/frameworks/django
Type <return> to proceed, S to scroll future error messages,
R to run without stopping, Q to run quietly,
I to insert something, E to edit your file,
1 or ... or 9 to ignore the next 1 to 9 tokens of input,
H for help, X to quit.
? /home/paulo/.local/share/nvim/site/pack/packer/start/friendly-snippets/snippe
ts/frameworks/djangohtml.json
Type <return> to proceed, S to scroll future error messages,
R to run without stopping, Q to run quietly,
I to insert something, E to edit your file,
1 or ... or 9 to ignore the next 1 to 9 tokens of input,
H for help, X to quit.
? /home/paulo/.local/share/nvim/site/pack/packer/start/friendly-snippets/snippe
ts/frameworks/edge.json
Type <return> to proceed, S to scroll future error messages,
R to run without stopping, Q to run quietly,
I to insert something, E to edit your file,
1 or ... or 9 to ignore the next 1 to 9 tokens of input,
H for help, X to quit.
? /home/paulo/.local/share/nvim/site/pack/packer/start/friendly-snippets/snippe
ts/frameworks/ejs.json
Type <return> to proceed, S to scroll future error messages,
R to run without stopping, Q to run quietly,
I to insert something, E to edit your file,
1 or ... or 9 to ignore the next 1 to 9 tokens of input,
H for help, X to quit.
? /home/paulo/.local/share/nvim/site/pack/packer/start/friendly-snippets/snippe
ts/frameworks/flutter.json
Type <return> to proceed, S to scroll future error messages,
R to run without stopping, Q to run quietly,
I to insert something, E to edit your file,
1 or ... or 9 to ignore the next 1 to 9 tokens of input,
H for help, X to quit.
? /home/paulo/.local/share/nvim/site/pack/packer/start/friendly-snippets/snippe
ts/frameworks/jekyll.json
Type <return> to proceed, S to scroll future error messages,
R to run without stopping, Q to run quietly,
I to insert something, E to edit your file,
1 or ... or 9 to ignore the next 1 to 9 tokens of input,
H for help, X to quit.
? /home/paulo/.local/share/nvim/site/pack/packer/start/friendly-snippets/snippe
ts/frameworks/rails.json
Type <return> to proceed, S to scroll future error messages,
R to run without stopping, Q to run quietly,
I to insert something, E to edit your file,
1 or ... or 9 to ignore the next 1 to 9 tokens of input,
H for help, X to quit.
? /home/paulo/.local/share/nvim/site/pack/packer/start/friendly-snippets/snippe
ts/frameworks/relm4
Type <return> to proceed, S to scroll future error messages,
R to run without stopping, Q to run quietly,
I to insert something, E to edit your file,
1 or ... or 9 to ignore the next 1 to 9 tokens of input,
H for help, X to quit.
? /home/paulo/.local/share/nvim/site/pack/packer/start/friendly-snippets/snippe
ts/frameworks/twig.json
Type <return> to proceed, S to scroll future error messages,
R to run without stopping, Q to run quietly,
I to insert something, E to edit your file,
1 or ... or 9 to ignore the next 1 to 9 tokens of input,
H for help, X to quit.
? /home/paulo/.local/share/nvim/site/pack/packer/start/friendly-snippets/snippe
ts/frameworks/unity.json
Type <return> to proceed, S to scroll future error messages,
R to run without stopping, Q to run quietly,
I to insert something, E to edit your file,
1 or ... or 9 to ignore the next 1 to 9 tokens of input,
H for help, X to quit.
? /home/paulo/.local/share/nvim/site/pack/packer/start/friendly-snippets/snippe
ts/frameworks/unreal.json
Type <return> to proceed, S to scroll future error messages,
R to run without stopping, Q to run quietly,
I to insert something, E to edit your file,
1 or ... or 9 to ignore the next 1 to 9 tokens of input,
H for help, X to quit.
? /home/paulo/.local/share/nvim/site/pack/packer/start/friendly-snippets/snippe
ts/frameworks/vue
Type <return> to proceed, S to scroll future error messages,
R to run without stopping, Q to run quietly,
I to insert something, E to edit your file,
1 or ... or 9 to ignore the next 1 to 9 tokens of input,
H for help, X to quit.
? /home/paulo/.local/share/nvim/site/pack/packer/start/friendly-snippets/snippe
ts/frameworks/django/admin.json
Type <return> to proceed, S to scroll future error messages,
R to run without stopping, Q to run quietly,
I to insert something, E to edit your file,
1 or ... or 9 to ignore the next 1 to 9 tokens of input,
H for help, X to quit.
? /home/paulo/.local/share/nvim/site/pack/packer/start/friendly-snippets/snippe
ts/frameworks/django/django_rest
Type <return> to proceed, S to scroll future error messages,
R to run without stopping, Q to run quietly,
I to insert something, E to edit your file,
1 or ... or 9 to ignore the next 1 to 9 tokens of input,
H for help, X to quit.
? /home/paulo/.local/share/nvim/site/pack/packer/start/friendly-snippets/snippe
ts/frameworks/django/forms.json
Type <return> to proceed, S to scroll future error messages,
R to run without stopping, Q to run quietly,
I to insert something, E to edit your file,
1 or ... or 9 to ignore the next 1 to 9 tokens of input,
H for help, X to quit.
? /home/paulo/.local/share/nvim/site/pack/packer/start/friendly-snippets/snippe
ts/frameworks/django/models.json
Type <return> to proceed, S to scroll future error messages,
R to run without stopping, Q to run quietly,
I to insert something, E to edit your file,
1 or ... or 9 to ignore the next 1 to 9 tokens of input,
H for help, X to quit.
? /home/paulo/.local/share/nvim/site/pack/packer/start/friendly-snippets/snippe
ts/frameworks/django/tags.json
Type <return> to proceed, S to scroll future error messages,
R to run without stopping, Q to run quietly,
I to insert something, E to edit your file,
1 or ... or 9 to ignore the next 1 to 9 tokens of input,
H for help, X to quit.
? /home/paulo/.local/share/nvim/site/pack/packer/start/friendly-snippets/snippe
ts/frameworks/django/urls.json
Type <return> to proceed, S to scroll future error messages,
R to run without stopping, Q to run quietly,
I to insert something, E to edit your file,
1 or ... or 9 to ignore the next 1 to 9 tokens of input,
H for help, X to quit.
? /home/paulo/.local/share/nvim/site/pack/packer/start/friendly-snippets/snippe
ts/frameworks/django/views.json
Type <return> to proceed, S to scroll future error messages,
R to run without stopping, Q to run quietly,
I to insert something, E to edit your file,
1 or ... or 9 to ignore the next 1 to 9 tokens of input,
H for help, X to quit.
? /home/paulo/.local/share/nvim/site/pack/packer/start/friendly-snippets/snippe
ts/frameworks/django/django_rest/serializers.json
Type <return> to proceed, S to scroll future error messages,
R to run without stopping, Q to run quietly,
I to insert something, E to edit your file,
1 or ... or 9 to ignore the next 1 to 9 tokens of input,
H for help, X to quit.
? /home/paulo/.local/share/nvim/site/pack/packer/start/friendly-snippets/snippe
ts/frameworks/django/django_rest/views.json
Type <return> to proceed, S to scroll future error messages,
R to run without stopping, Q to run quietly,
I to insert something, E to edit your file,
1 or ... or 9 to ignore the next 1 to 9 tokens of input,
H for help, X to quit.
? /home/paulo/.local/share/nvim/site/pack/packer/start/friendly-snippets/snippe
ts/frameworks/relm4/components.json
Type <return> to proceed, S to scroll future error messages,
R to run without stopping, Q to run quietly,
I to insert something, E to edit your file,
1 or ... or 9 to ignore the next 1 to 9 tokens of input,
H for help, X to quit.
? /home/paulo/.local/share/nvim/site/pack/packer/start/friendly-snippets/snippe
ts/frameworks/relm4/factories.json
Type <return> to proceed, S to scroll future error messages,
R to run without stopping, Q to run quietly,
I to insert something, E to edit your file,
1 or ... or 9 to ignore the next 1 to 9 tokens of input,
H for help, X to quit.
? /home/paulo/.local/share/nvim/site/pack/packer/start/friendly-snippets/snippe
ts/frameworks/relm4/templates.json
Type <return> to proceed, S to scroll future error messages,
R to run without stopping, Q to run quietly,
I to insert something, E to edit your file,
1 or ... or 9 to ignore the next 1 to 9 tokens of input,
H for help, X to quit.
? /home/paulo/.local/share/nvim/site/pack/packer/start/friendly-snippets/snippe
ts/frameworks/relm4/workers.json
Type <return> to proceed, S to scroll future error messages,
R to run without stopping, Q to run quietly,
I to insert something, E to edit your file,
1 or ... or 9 to ignore the next 1 to 9 tokens of input,
H for help, X to quit.
? /home/paulo/.local/share/nvim/site/pack/packer/start/friendly-snippets/snippe
ts/frameworks/vue/html.json
Type <return> to proceed, S to scroll future error messages,
R to run without stopping, Q to run quietly,
I to insert something, E to edit your file,
1 or ... or 9 to ignore the next 1 to 9 tokens of input,
H for help, X to quit.
? /home/paulo/.local/share/nvim/site/pack/packer/start/friendly-snippets/snippe
ts/frameworks/vue/javascript.json
Type <return> to proceed, S to scroll future error messages,
R to run without stopping, Q to run quietly,
I to insert something, E to edit your file,
1 or ... or 9 to ignore the next 1 to 9 tokens of input,
H for help, X to quit.
? /home/paulo/.local/share/nvim/site/pack/packer/start/friendly-snippets/snippe
ts/frameworks/vue/nuxt_html.json
Type <return> to proceed, S to scroll future error messages,
R to run without stopping, Q to run quietly,
I to insert something, E to edit your file,
1 or ... or 9 to ignore the next 1 to 9 tokens of input,
H for help, X to quit.
? /home/paulo/.local/share/nvim/site/pack/packer/start/friendly-snippets/snippe
ts/frameworks/vue/nuxt_js_ts.json
Type <return> to proceed, S to scroll future error messages,
R to run without stopping, Q to run quietly,
I to insert something, E to edit your file,
1 or ... or 9 to ignore the next 1 to 9 tokens of input,
H for help, X to quit.
? /home/paulo/.local/share/nvim/site/pack/packer/start/friendly-snippets/snippe
ts/frameworks/vue/vue.json
Type <return> to proceed, S to scroll future error messages,
R to run without stopping, Q to run quietly,
I to insert something, E to edit your file,
1 or ... or 9 to ignore the next 1 to 9 tokens of input,
H for help, X to quit.
? /home/paulo/.local/share/nvim/site/pack/packer/start/friendly-snippets/snippe
ts/java/java-tests.json
Type <return> to proceed, S to scroll future error messages,
R to run without stopping, Q to run quietly,
I to insert something, E to edit your file,
1 or ... or 9 to ignore the next 1 to 9 tokens of input,
H for help, X to quit.
? /home/paulo/.local/share/nvim/site/pack/packer/start/friendly-snippets/snippe
ts/javascript/javascript.json
Type <return> to proceed, S to scroll future error messages,
R to run without stopping, Q to run quietly,
I to insert something, E to edit your file,
1 or ... or 9 to ignore the next 1 to 9 tokens of input,
H for help, X to quit.
? /home/paulo/.local/share/nvim/site/pack/packer/start/friendly-snippets/snippe
ts/javascript/jsdoc.json
Type <return> to proceed, S to scroll future error messages,
R to run without stopping, Q to run quietly,
I to insert something, E to edit your file,
1 or ... or 9 to ignore the next 1 to 9 tokens of input,
H for help, X to quit.
? /home/paulo/.local/share/nvim/site/pack/packer/start/friendly-snippets/snippe
ts/javascript/next-ts.json
Type <return> to proceed, S to scroll future error messages,
R to run without stopping, Q to run quietly,
I to insert something, E to edit your file,
1 or ... or 9 to ignore the next 1 to 9 tokens of input,
H for help, X to quit.
? /home/paulo/.local/share/nvim/site/pack/packer/start/friendly-snippets/snippe
ts/javascript/next.json
Type <return> to proceed, S to scroll future error messages,
R to run without stopping, Q to run quietly,
I to insert something, E to edit your file,
1 or ... or 9 to ignore the next 1 to 9 tokens of input,
H for help, X to quit.
? /home/paulo/.local/share/nvim/site/pack/packer/start/friendly-snippets/snippe
ts/javascript/react-es7.json
Type <return> to proceed, S to scroll future error messages,
R to run without stopping, Q to run quietly,
I to insert something, E to edit your file,
1 or ... or 9 to ignore the next 1 to 9 tokens of input,
H for help, X to quit.
? /home/paulo/.local/share/nvim/site/pack/packer/start/friendly-snippets/snippe
ts/javascript/react-native-ts.json
Type <return> to proceed, S to scroll future error messages,
R to run without stopping, Q to run quietly,
I to insert something, E to edit your file,
1 or ... or 9 to ignore the next 1 to 9 tokens of input,
H for help, X to quit.
? /home/paulo/.local/share/nvim/site/pack/packer/start/friendly-snippets/snippe
ts/javascript/react-native.json
Type <return> to proceed, S to scroll future error messages,
R to run without stopping, Q to run quietly,
I to insert something, E to edit your file,
1 or ... or 9 to ignore the next 1 to 9 tokens of input,
H for help, X to quit.
? /home/paulo/.local/share/nvim/site/pack/packer/start/friendly-snippets/snippe
ts/javascript/react-ts.json
Type <return> to proceed, S to scroll future error messages,
R to run without stopping, Q to run quietly,
I to insert something, E to edit your file,
1 or ... or 9 to ignore the next 1 to 9 tokens of input,
H for help, X to quit.
? /home/paulo/.local/share/nvim/site/pack/packer/start/friendly-snippets/snippe
ts/javascript/react.json
Type <return> to proceed, S to scroll future error messages,
R to run without stopping, Q to run quietly,
I to insert something, E to edit your file,
1 or ... or 9 to ignore the next 1 to 9 tokens of input,
H for help, X to quit.
? /home/paulo/.local/share/nvim/site/pack/packer/start/friendly-snippets/snippe
ts/javascript/tsdoc.json
Type <return> to proceed, S to scroll future error messages,
R to run without stopping, Q to run quietly,
I to insert something, E to edit your file,
1 or ... or 9 to ignore the next 1 to 9 tokens of input,
H for help, X to quit.
? /home/paulo/.local/share/nvim/site/pack/packer/start/friendly-snippets/snippe
ts/javascript/typescript.json
Type <return> to proceed, S to scroll future error messages,
R to run without stopping, Q to run quietly,
I to insert something, E to edit your file,
1 or ... or 9 to ignore the next 1 to 9 tokens of input,
H for help, X to quit.
? /home/paulo/.local/share/nvim/site/pack/packer/start/friendly-snippets/snippe
ts/latex/bibtex.json
Type <return> to proceed, S to scroll future error messages,
R to run without stopping, Q to run quietly,
I to insert something, E to edit your file,
1 or ... or 9 to ignore the next 1 to 9 tokens of input,
H for help, X to quit.
? /home/paulo/.local/share/nvim/site/pack/packer/start/friendly-snippets/snippe
ts/latex/latex-snippets.json
Type <return> to proceed, S to scroll future error messages,
R to run without stopping, Q to run quietly,
I to insert something, E to edit your file,
1 or ... or 9 to ignore the next 1 to 9 tokens of input,
H for help, X to quit.
? /home/paulo/.local/share/nvim/site/pack/packer/start/friendly-snippets/snippe
ts/latex/vscode-latex-snippets.json
Type <return> to proceed, S to scroll future error messages,
R to run without stopping, Q to run quietly,
I to insert something, E to edit your file,
1 or ... or 9 to ignore the next 1 to 9 tokens of input,
H for help, X to quit.
? /home/paulo/.local/share/nvim/site/pack/packer/start/friendly-snippets/snippe
ts/lua/lua.json
Type <return> to proceed, S to scroll future error messages,
R to run without stopping, Q to run quietly,
I to insert something, E to edit your file,
1 or ... or 9 to ignore the next 1 to 9 tokens of input,
H for help, X to quit.
? /home/paulo/.local/share/nvim/site/pack/packer/start/friendly-snippets/snippe
ts/lua/luadoc.json
Type <return> to proceed, S to scroll future error messages,
R to run without stopping, Q to run quietly,
I to insert something, E to edit your file,
1 or ... or 9 to ignore the next 1 to 9 tokens of input,
H for help, X to quit.
? /home/paulo/.local/share/nvim/site/pack/packer/start/friendly-snippets/snippe
ts/python/base.json
Type <return> to proceed, S to scroll future error messages,
R to run without stopping, Q to run quietly,
I to insert something, E to edit your file,
1 or ... or 9 to ignore the next 1 to 9 tokens of input,
H for help, X to quit.
? /home/paulo/.local/share/nvim/site/pack/packer/start/friendly-snippets/snippe
ts/python/comprehension.json
Type <return> to proceed, S to scroll future error messages,
R to run without stopping, Q to run quietly,
I to insert something, E to edit your file,
1 or ... or 9 to ignore the next 1 to 9 tokens of input,
H for help, X to quit.
? /home/paulo/.local/share/nvim/site/pack/packer/start/friendly-snippets/snippe
ts/python/debug.json
Type <return> to proceed, S to scroll future error messages,
R to run without stopping, Q to run quietly,
I to insert something, E to edit your file,
1 or ... or 9 to ignore the next 1 to 9 tokens of input,
H for help, X to quit.
? /home/paulo/.local/share/nvim/site/pack/packer/start/friendly-snippets/snippe
ts/python/python.json
Type <return> to proceed, S to scroll future error messages,
R to run without stopping, Q to run quietly,
I to insert something, E to edit your file,
1 or ... or 9 to ignore the next 1 to 9 tokens of input,
H for help, X to quit.
? /home/paulo/.local/share/nvim/site/pack/packer/start/friendly-snippets/snippe
ts/python/unittest.json
Type <return> to proceed, S to scroll future error messages,
R to run without stopping, Q to run quietly,
I to insert something, E to edit your file,
1 or ... or 9 to ignore the next 1 to 9 tokens of input,
H for help, X to quit.
? 
! Emergency stop.
 ...                                              
                                                  
l.1 M
     IT License
You're in trouble here.  Try typing  <return>  to proceed.
If that doesn't work, type  X <return>  to quit.

 
Here is how much of TeX's memory you used:
 22 strings out of 476026
 811 string characters out of 5796559
 1849385 words of memory out of 5000000
 20569 multiletter control sequences out of 15000+600000
 512287 words of font info for 32 fonts, out of 8000000 for 9000
 1141 hyphenation exceptions out of 8191
 13i,0n,12p,211b,14s stack positions out of 10000i,1000n,20000p,200000b,200000s
No pages of output.
